<?xml version="1.0" encoding="UTF-8"?>
<!-- Generated by org.testng.reporters.JUnitReportReporter -->
<testsuite hostname="dac-43" failures="0" tests="1" name="test.InputValidation.SeleniumTest" time="10.850" errors="0" timestamp="2024-12-22T09:45:54 IST" skipped="0">
  <testcase classname="test.InputValidation.SeleniumTest" name="test" time="10.850"/>
  <system-out/>
</testsuite> <!-- test.InputValidation.SeleniumTest -->
